
> hk-marketplace@0.1.0 build
> next build

▲ Next.js 16.1.4 (Turbopack)
- Environments: .env.local, .env

  Creating an optimized production build ...
✓ Compiled successfully in 1624.8ms
  Running TypeScript ...
  Collecting page data using 9 workers ...
  Generating static pages using 9 workers (0/5) ...
  Generating static pages using 9 workers (1/5) 
  Generating static pages using 9 workers (2/5) 
  Generating static pages using 9 workers (3/5) 
✓ Generating static pages using 9 workers (5/5) in 55.9ms
  Finalizing page optimization ...

Route (app)
┌ ○ /
├ ○ /_not-found
├ ƒ /[locale]
├ ƒ /[locale]/admin/orders
├ ƒ /[locale]/admin/products
├ ƒ /[locale]/admin/settings
├ ƒ /[locale]/product/[id]
└ ƒ /api/store-settings


○  (Static)   prerendered as static content
ƒ  (Dynamic)  server-rendered on demand

